The target system is: Generic -  - 
The host system is: Darwin - 18.0.0 - x86_64
Compiling the C compiler identification source file "CMakeCCompilerId.c" succeeded.
Compiler: /usr/local/bin/arm-none-eabi-gcc 
Build flags: 
Id flags: -c 

The output was:
0


Compilation of the C compiler identification source "CMakeCCompilerId.c" produced "CMakeCCompilerId.o"

The C compiler identification is GNU, found in "/Users/tom/dev/keyboard_utilities/ergodox/controller/Keyboards/darwin18.0.0.ICED-R.gcc.make/CMakeFiles/3.12.4/CompilerIdC/CMakeCCompilerId.o"

Determining if the C compiler works passed with the following output:
Change Dir: /Users/tom/dev/keyboard_utilities/ergodox/controller/Keyboards/darwin18.0.0.ICED-R.gcc.make/CMakeFiles/CMakeTmp

Run Build Command:"/usr/bin/make" "cmTC_c92fd/fast"
/Applications/Xcode.app/Contents/Developer/usr/bin/make -f CMakeFiles/cmTC_c92fd.dir/build.make CMakeFiles/cmTC_c92fd.dir/build
Building C object CMakeFiles/cmTC_c92fd.dir/testCCompiler.c.obj
/usr/local/bin/arm-none-eabi-gcc    -o CMakeFiles/cmTC_c92fd.dir/testCCompiler.c.obj   -c /Users/tom/dev/keyboard_utilities/ergodox/controller/Keyboards/darwin18.0.0.ICED-R.gcc.make/CMakeFiles/CMakeTmp/testCCompiler.c
Linking C static library libcmTC_c92fd.a
/usr/local/Cellar/cmake/3.12.4/bin/cmake -P CMakeFiles/cmTC_c92fd.dir/cmake_clean_target.cmake
/usr/local/Cellar/cmake/3.12.4/bin/cmake -E cmake_link_script CMakeFiles/cmTC_c92fd.dir/link.txt --verbose=1
/usr/local/bin/arm-none-eabi-ar qc libcmTC_c92fd.a  CMakeFiles/cmTC_c92fd.dir/testCCompiler.c.obj
/usr/local/bin/arm-none-eabi-ranlib libcmTC_c92fd.a


Detecting C compiler ABI info compiled with the following output:
Change Dir: /Users/tom/dev/keyboard_utilities/ergodox/controller/Keyboards/darwin18.0.0.ICED-R.gcc.make/CMakeFiles/CMakeTmp

Run Build Command:"/usr/bin/make" "cmTC_a0e20/fast"
/Applications/Xcode.app/Contents/Developer/usr/bin/make -f CMakeFiles/cmTC_a0e20.dir/build.make CMakeFiles/cmTC_a0e20.dir/build
Building C object CMakeFiles/cmTC_a0e20.dir/CMakeCCompilerABI.c.obj
/usr/local/bin/arm-none-eabi-gcc    -o CMakeFiles/cmTC_a0e20.dir/CMakeCCompilerABI.c.obj   -c /usr/local/Cellar/cmake/3.12.4/share/cmake/Modules/CMakeCCompilerABI.c
Linking C static library libcmTC_a0e20.a
/usr/local/Cellar/cmake/3.12.4/bin/cmake -P CMakeFiles/cmTC_a0e20.dir/cmake_clean_target.cmake
/usr/local/Cellar/cmake/3.12.4/bin/cmake -E cmake_link_script CMakeFiles/cmTC_a0e20.dir/link.txt --verbose=1
/usr/local/bin/arm-none-eabi-ar qc libcmTC_a0e20.a  CMakeFiles/cmTC_a0e20.dir/CMakeCCompilerABI.c.obj
/usr/local/bin/arm-none-eabi-ranlib libcmTC_a0e20.a


Parsed C implicit link information from above output:
  link line regex: [^( *|.*[/\])(arm-none-eabi-ld|CMAKE_LINK_STARTFILE-NOTFOUND|([^/\]+-)?ld|collect2)[^/\]*( |$)]
  ignore line: [Change Dir: /Users/tom/dev/keyboard_utilities/ergodox/controller/Keyboards/darwin18.0.0.ICED-R.gcc.make/CMakeFiles/CMakeTmp]
  ignore line: []
  ignore line: [Run Build Command:"/usr/bin/make" "cmTC_a0e20/fast"]
  ignore line: [/Applications/Xcode.app/Contents/Developer/usr/bin/make -f CMakeFiles/cmTC_a0e20.dir/build.make CMakeFiles/cmTC_a0e20.dir/build]
  ignore line: [Building C object CMakeFiles/cmTC_a0e20.dir/CMakeCCompilerABI.c.obj]
  ignore line: [/usr/local/bin/arm-none-eabi-gcc    -o CMakeFiles/cmTC_a0e20.dir/CMakeCCompilerABI.c.obj   -c /usr/local/Cellar/cmake/3.12.4/share/cmake/Modules/CMakeCCompilerABI.c]
  ignore line: [Linking C static library libcmTC_a0e20.a]
  ignore line: [/usr/local/Cellar/cmake/3.12.4/bin/cmake -P CMakeFiles/cmTC_a0e20.dir/cmake_clean_target.cmake]
  ignore line: [/usr/local/Cellar/cmake/3.12.4/bin/cmake -E cmake_link_script CMakeFiles/cmTC_a0e20.dir/link.txt --verbose=1]
  ignore line: [/usr/local/bin/arm-none-eabi-ar qc libcmTC_a0e20.a  CMakeFiles/cmTC_a0e20.dir/CMakeCCompilerABI.c.obj]
  ignore line: [/usr/local/bin/arm-none-eabi-ranlib libcmTC_a0e20.a]
  ignore line: []
  implicit libs: []
  implicit dirs: []
  implicit fwks: []




Detecting C [-std=c11] compiler features compiled with the following output:
Change Dir: /Users/tom/dev/keyboard_utilities/ergodox/controller/Keyboards/darwin18.0.0.ICED-R.gcc.make/CMakeFiles/CMakeTmp

Run Build Command:"/usr/bin/make" "cmTC_08abe/fast"
/Applications/Xcode.app/Contents/Developer/usr/bin/make -f CMakeFiles/cmTC_08abe.dir/build.make CMakeFiles/cmTC_08abe.dir/build
Building C object CMakeFiles/cmTC_08abe.dir/feature_tests.c.obj
/usr/local/bin/arm-none-eabi-gcc   -std=c11 -o CMakeFiles/cmTC_08abe.dir/feature_tests.c.obj   -c /Users/tom/dev/keyboard_utilities/ergodox/controller/Keyboards/darwin18.0.0.ICED-R.gcc.make/CMakeFiles/feature_tests.c
Linking C static library libcmTC_08abe.a
/usr/local/Cellar/cmake/3.12.4/bin/cmake -P CMakeFiles/cmTC_08abe.dir/cmake_clean_target.cmake
/usr/local/Cellar/cmake/3.12.4/bin/cmake -E cmake_link_script CMakeFiles/cmTC_08abe.dir/link.txt --verbose=1
/usr/local/bin/arm-none-eabi-ar qc libcmTC_08abe.a  CMakeFiles/cmTC_08abe.dir/feature_tests.c.obj
/usr/local/bin/arm-none-eabi-ranlib libcmTC_08abe.a


    Feature record: C_FEATURE:1c_function_prototypes
    Feature record: C_FEATURE:1c_restrict
    Feature record: C_FEATURE:1c_static_assert
    Feature record: C_FEATURE:1c_variadic_macros


Detecting C [-std=c99] compiler features compiled with the following output:
Change Dir: /Users/tom/dev/keyboard_utilities/ergodox/controller/Keyboards/darwin18.0.0.ICED-R.gcc.make/CMakeFiles/CMakeTmp

Run Build Command:"/usr/bin/make" "cmTC_3b065/fast"
/Applications/Xcode.app/Contents/Developer/usr/bin/make -f CMakeFiles/cmTC_3b065.dir/build.make CMakeFiles/cmTC_3b065.dir/build
Building C object CMakeFiles/cmTC_3b065.dir/feature_tests.c.obj
/usr/local/bin/arm-none-eabi-gcc   -std=c99 -o CMakeFiles/cmTC_3b065.dir/feature_tests.c.obj   -c /Users/tom/dev/keyboard_utilities/ergodox/controller/Keyboards/darwin18.0.0.ICED-R.gcc.make/CMakeFiles/feature_tests.c
Linking C static library libcmTC_3b065.a
/usr/local/Cellar/cmake/3.12.4/bin/cmake -P CMakeFiles/cmTC_3b065.dir/cmake_clean_target.cmake
/usr/local/Cellar/cmake/3.12.4/bin/cmake -E cmake_link_script CMakeFiles/cmTC_3b065.dir/link.txt --verbose=1
/usr/local/bin/arm-none-eabi-ar qc libcmTC_3b065.a  CMakeFiles/cmTC_3b065.dir/feature_tests.c.obj
/usr/local/bin/arm-none-eabi-ranlib libcmTC_3b065.a


    Feature record: C_FEATURE:1c_function_prototypes
    Feature record: C_FEATURE:1c_restrict
    Feature record: C_FEATURE:0c_static_assert
    Feature record: C_FEATURE:1c_variadic_macros


Detecting C [-std=c90] compiler features compiled with the following output:
Change Dir: /Users/tom/dev/keyboard_utilities/ergodox/controller/Keyboards/darwin18.0.0.ICED-R.gcc.make/CMakeFiles/CMakeTmp

Run Build Command:"/usr/bin/make" "cmTC_b721a/fast"
/Applications/Xcode.app/Contents/Developer/usr/bin/make -f CMakeFiles/cmTC_b721a.dir/build.make CMakeFiles/cmTC_b721a.dir/build
Building C object CMakeFiles/cmTC_b721a.dir/feature_tests.c.obj
/usr/local/bin/arm-none-eabi-gcc   -std=c90 -o CMakeFiles/cmTC_b721a.dir/feature_tests.c.obj   -c /Users/tom/dev/keyboard_utilities/ergodox/controller/Keyboards/darwin18.0.0.ICED-R.gcc.make/CMakeFiles/feature_tests.c
Linking C static library libcmTC_b721a.a
/usr/local/Cellar/cmake/3.12.4/bin/cmake -P CMakeFiles/cmTC_b721a.dir/cmake_clean_target.cmake
/usr/local/Cellar/cmake/3.12.4/bin/cmake -E cmake_link_script CMakeFiles/cmTC_b721a.dir/link.txt --verbose=1
/usr/local/bin/arm-none-eabi-ar qc libcmTC_b721a.a  CMakeFiles/cmTC_b721a.dir/feature_tests.c.obj
/usr/local/bin/arm-none-eabi-ranlib libcmTC_b721a.a


    Feature record: C_FEATURE:1c_function_prototypes
    Feature record: C_FEATURE:0c_restrict
    Feature record: C_FEATURE:0c_static_assert
    Feature record: C_FEATURE:0c_variadic_macros
